<?xml version="1.0" encoding="UTF-8"?>
<testng-results ignored="0" total="1" passed="1" failed="0" skipped="0">
  <reporter-output>
  </reporter-output>
  <suite started-at="2023-03-14T12:15:34 GST" name="Default suite" finished-at="2023-03-14T12:15:37 GST" duration-ms="2404">
    <groups>
    </groups>
    <test started-at="2023-03-14T12:15:34 GST" name="Default test" finished-at="2023-03-14T12:15:37 GST" duration-ms="2404">
      <class name="JiraApi">
        <test-method signature="Jira()[pri:0, instance:JiraApi@2e005c4b]" started-at="2023-03-14T12:15:34 GST" name="Jira" finished-at="2023-03-14T12:15:37 GST" duration-ms="2360" status="PASS">
          <reporter-output>
          </reporter-output>
        </test-method> <!-- Jira -->
      </class> <!-- JiraApi -->
    </test> <!-- Default test -->
  </suite> <!-- Default suite -->
</testng-results>
